<?xml version="1.0" encoding="UTF-8"?>
<!-- Generated by org.testng.reporters.JUnitXMLReporter -->
<testsuite ignored="0" hostname="LAPTOP-O3KFPBL7" failures="0" tests="7" name="Spicejet Test" time="282.016" errors="0" timestamp="2021-06-05T22:56:40 IST">
  <testcase classname="project.mavenjava.spicejet" name="openBrowser" time="22.835"/>
  <testcase classname="project.mavenjava.spicejet" name="tab" time="6.925"/>
  <testcase classname="project.mavenjava.spicejet" name="count" time="182.041"/>
  <testcase classname="project.mavenjava.spicejet" name="check" time="28.588"/>
  <testcase classname="project.mavenjava.spicejet" name="chatbot" time="9.712"/>
  <testcase classname="project.mavenjava.spicejet" name="login" time="30.692"/>
  <testcase classname="project.mavenjava.spicejet" name="closeBrowser" time="1.157"/>
</testsuite> <!-- Spicejet Test -->
