<?xml version="1.0" encoding="UTF-8"?>
<!-- Generated by org.testng.reporters.JUnitXMLReporter -->
<testsuite ignored="0" hostname="LAPTOP-O3KFPBL7" failures="0" tests="7" name="Default test" time="300.217" errors="0" timestamp="2021-06-02T17:15:07 IST">
  <testcase classname="project.mavenjava.spicejet" name="openBrowser" time="20.088"/>
  <testcase classname="project.mavenjava.spicejet" name="tab" time="4.707"/>
  <testcase classname="project.mavenjava.spicejet" name="count" time="184.125"/>
  <testcase classname="project.mavenjava.spicejet" name="check" time="40.251"/>
  <testcase classname="project.mavenjava.spicejet" name="chatbot" time="13.264"/>
  <testcase classname="project.mavenjava.spicejet" name="login" time="35.054"/>
  <testcase classname="project.mavenjava.spicejet" name="closeBrowser" time="2.663"/>
</testsuite> <!-- Default test -->
