<?xml version="1.0" encoding="UTF-8"?>
<!-- Generated by org.testng.reporters.JUnitXMLReporter -->
<testsuite ignored="4" hostname="LAPTOP-O3KFPBL7" failures="0" tests="3" name="Test" time="136.714" errors="0" timestamp="2021-05-31T15:47:08 IST">
  <testcase classname="project.mavenjava.spicejet" name="openBrowser" time="20.636"/>
  <testcase classname="project.mavenjava.spicejet" name="login" time="112.146"/>
  <testcase classname="project.mavenjava.spicejet" name="closeBrowser" time="3.893"/>
  <testcase classname="project.mavenjava.spicejet" name="count" time="0.0">
    <ignored/>
  </testcase> <!-- count -->
  <testcase classname="project.mavenjava.spicejet" name="check" time="0.0">
    <ignored/>
  </testcase> <!-- check -->
  <testcase classname="project.mavenjava.spicejet" name="tab" time="0.0">
    <ignored/>
  </testcase> <!-- tab -->
  <testcase classname="project.mavenjava.spicejet" name="chatbot" time="0.0">
    <ignored/>
  </testcase> <!-- chatbot -->
</testsuite> <!-- Test -->
