<?xml version="1.0" encoding="UTF-8"?>
<testsuite xmlns:xsi="http://www.w3.org/2001/XMLSchema-instance" xsi:noNamespaceSchemaLocation="https://maven.apache.org/surefire/maven-surefire-plugin/xsd/surefire-test-report.xsd" name="TestSuite" time="144.6" tests="3" errors="0" skipped="0" failures="0">
  <properties>
[...]
</properties>
  <testcase name="openBrowser" classname="project.mavenjava.spicejet" time="20.639"/>
  <testcase name="login" classname="project.mavenjava.spicejet" time="112.148"/>
  <testcase name="closeBrowser" classname="project.mavenjava.spicejet" time="3.894"/>
</testsuite>