<?xml version="1.0" encoding="UTF-8"?>
<testng-results ignored="4" total="7" passed="3" failed="0" skipped="0">
  <reporter-output>
    <line>
      <![CDATA[recording started; 
]]>
    </line>
    <line>
      <![CDATA[timer started; 
]]>
    </line>
    <line>
      <![CDATA[The browser is opened now; 
]]>
    </line>
    <line>
      <![CDATA[the browser is maximized; 
]]>
    </line>
    <line>
      <![CDATA[redirected to spicejet.com; 
]]>
    </line>
    <line>
      <![CDATA[timer stopped; 
]]>
    </line>
    <line>
      <![CDATA[time taken to execute this method:19934 milliseconds 
]]>
    </line>
    <line>
      <![CDATA[timer reset; 
]]>
    </line>
    <line>
      <![CDATA[timer started; 
]]>
    </line>
    <line>
      <![CDATA[clicked on member login; 
]]>
    </line>
    <line>
      <![CDATA[3rd baseline screenshot captured; 
]]>
    </line>
    <line>
      <![CDATA[10th testcase screenshot captured; 
]]>
    </line>
    <line>
      <![CDATA[Images are Same; 
]]>
    </line>
    <line>
      <![CDATA[10th testcase screenshot compared with 3rd baseline screenshot; 
]]>
    </line>
    <line>
      <![CDATA[login attempted; 
]]>
    </line>
    <line>
      <![CDATA[11th testcase screenshot captured; 
]]>
    </line>
    <line>
      <![CDATA[Images are not Same; 
]]>
    </line>
    <line>
      <![CDATA[11th testcase screenshot compared with 3rd baseline screenshot; 
]]>
    </line>
    <line>
      <![CDATA[Popup closed; 
]]>
    </line>
    <line>
      <![CDATA[less than required character for member id ; 
]]>
    </line>
    <line>
      <![CDATA[login attempted; 
]]>
    </line>
    <line>
      <![CDATA[12th testcase screenshot captured; 
]]>
    </line>
    <line>
      <![CDATA[Images are not Same; 
]]>
    </line>
    <line>
      <![CDATA[12th testcase screenshot compared with 3rd baseline screenshot; 
]]>
    </line>
    <line>
      <![CDATA[Popup closed; 
]]>
    </line>
    <line>
      <![CDATA[timer stopped; 
]]>
    </line>
    <line>
      <![CDATA[time taken to execute this method:112146 milliseconds 
]]>
    </line>
    <line>
      <![CDATA[timer reset; 
]]>
    </line>
    <line>
      <![CDATA[timer started; 
]]>
    </line>
    <line>
      <![CDATA[driver is closed; 
]]>
    </line>
    <line>
      <![CDATA[timer stopped; 
]]>
    </line>
    <line>
      <![CDATA[time taken to execute this method:3595 milliseconds 
]]>
    </line>
    <line>
      <![CDATA[recording stopped; 
]]>
    </line>
  </reporter-output>
  <suite started-at="2021-05-31T15:44:51 IST" name="Suite" finished-at="2021-05-31T15:47:07 IST" duration-ms="136714">
    <groups>
    </groups>
    <test started-at="2021-05-31T15:44:51 IST" name="Test" finished-at="2021-05-31T15:47:07 IST" duration-ms="136714">
      <class name="project.mavenjava.spicejet">
        <test-method signature="openBrowser()[pri:0, instance:project.mavenjava.spicejet@548a102f]" started-at="2021-05-31T15:44:51 IST" name="openBrowser" finished-at="2021-05-31T15:45:11 IST" duration-ms="20636" status="PASS">
          <reporter-output>
            <line>
              <![CDATA[recording started; 
]]>
            </line>
            <line>
              <![CDATA[timer started; 
]]>
            </line>
            <line>
              <![CDATA[The browser is opened now; 
]]>
            </line>
            <line>
              <![CDATA[the browser is maximized; 
]]>
            </line>
            <line>
              <![CDATA[redirected to spicejet.com; 
]]>
            </line>
            <line>
              <![CDATA[timer stopped; 
]]>
            </line>
            <line>
              <![CDATA[time taken to execute this method:19934 milliseconds 
]]>
            </line>
          </reporter-output>
        </test-method> <!-- openBrowser -->
        <test-method signature="login()[pri:5, instance:project.mavenjava.spicejet@548a102f]" started-at="2021-05-31T15:45:11 IST" name="login" finished-at="2021-05-31T15:47:03 IST" duration-ms="112146" status="PASS">
          <reporter-output>
            <line>
              <![CDATA[timer reset; 
]]>
            </line>
            <line>
              <![CDATA[timer started; 
]]>
            </line>
            <line>
              <![CDATA[clicked on member login; 
]]>
            </line>
            <line>
              <![CDATA[3rd baseline screenshot captured; 
]]>
            </line>
            <line>
              <![CDATA[10th testcase screenshot captured; 
]]>
            </line>
            <line>
              <![CDATA[Images are Same; 
]]>
            </line>
            <line>
              <![CDATA[10th testcase screenshot compared with 3rd baseline screenshot; 
]]>
            </line>
            <line>
              <![CDATA[login attempted; 
]]>
            </line>
            <line>
              <![CDATA[11th testcase screenshot captured; 
]]>
            </line>
            <line>
              <![CDATA[Images are not Same; 
]]>
            </line>
            <line>
              <![CDATA[11th testcase screenshot compared with 3rd baseline screenshot; 
]]>
            </line>
            <line>
              <![CDATA[Popup closed; 
]]>
            </line>
            <line>
              <![CDATA[less than required character for member id ; 
]]>
            </line>
            <line>
              <![CDATA[login attempted; 
]]>
            </line>
            <line>
              <![CDATA[12th testcase screenshot captured; 
]]>
            </line>
            <line>
              <![CDATA[Images are not Same; 
]]>
            </line>
            <line>
              <![CDATA[12th testcase screenshot compared with 3rd baseline screenshot; 
]]>
            </line>
            <line>
              <![CDATA[Popup closed; 
]]>
            </line>
            <line>
              <![CDATA[timer stopped; 
]]>
            </line>
            <line>
              <![CDATA[time taken to execute this method:112146 milliseconds 
]]>
            </line>
          </reporter-output>
        </test-method> <!-- login -->
        <test-method signature="closeBrowser()[pri:6, instance:project.mavenjava.spicejet@548a102f]" started-at="2021-05-31T15:47:03 IST" name="closeBrowser" finished-at="2021-05-31T15:47:07 IST" duration-ms="3893" status="PASS">
          <reporter-output>
            <line>
              <![CDATA[timer reset; 
]]>
            </line>
            <line>
              <![CDATA[timer started; 
]]>
            </line>
            <line>
              <![CDATA[driver is closed; 
]]>
            </line>
            <line>
              <![CDATA[timer stopped; 
]]>
            </line>
            <line>
              <![CDATA[time taken to execute this method:3595 milliseconds 
]]>
            </line>
            <line>
              <![CDATA[recording stopped; 
]]>
            </line>
          </reporter-output>
        </test-method> <!-- closeBrowser -->
      </class> <!-- project.mavenjava.spicejet -->
    </test> <!-- Test -->
  </suite> <!-- Suite -->
</testng-results>
